Spark Command: /usr/lib/jvm/java-8-openjdk-amd64/jre/bin/java -cp /opt/spark-2.3.4-bin-hadoop2.7/conf/:/opt/spark-2.3.4-bin-hadoop2.7/jars/* -Xmx1g org.apache.spark.deploy.master.Master --host 3b0d606a414d --port 7077 --webui-port 8080
========================================
2021-02-21 15:03:49 INFO  Master:2612 - Started daemon with process name: 43@3b0d606a414d
2021-02-21 15:03:49 INFO  SignalUtils:54 - Registered signal handler for TERM
2021-02-21 15:03:49 INFO  SignalUtils:54 - Registered signal handler for HUP
2021-02-21 15:03:49 INFO  SignalUtils:54 - Registered signal handler for INT
2021-02-21 15:03:50 WARN  NativeCodeLoader:62 - Unable to load native-hadoop library for your platform... using builtin-java classes where applicable
2021-02-21 15:03:51 INFO  SecurityManager:54 - Changing view acls to: root
2021-02-21 15:03:51 INFO  SecurityManager:54 - Changing modify acls to: root
2021-02-21 15:03:51 INFO  SecurityManager:54 - Changing view acls groups to: 
2021-02-21 15:03:51 INFO  SecurityManager:54 - Changing modify acls groups to: 
2021-02-21 15:03:51 INFO  SecurityManager:54 - SecurityManager: authentication disabled; ui acls disabled; users  with view permissions: Set(root); groups with view permissions: Set(); users  with modify permissions: Set(root); groups with modify permissions: Set()
2021-02-21 15:03:51 INFO  Utils:54 - Successfully started service 'sparkMaster' on port 7077.
2021-02-21 15:03:51 INFO  Master:54 - Starting Spark master at spark://3b0d606a414d:7077
2021-02-21 15:03:51 INFO  Master:54 - Running Spark version 2.3.4
2021-02-21 15:03:52 INFO  log:192 - Logging initialized @3777ms
2021-02-21 15:03:52 INFO  Server:351 - jetty-9.3.z-SNAPSHOT, build timestamp: unknown, git hash: unknown
2021-02-21 15:03:52 INFO  Server:419 - Started @3915ms
2021-02-21 15:03:52 INFO  AbstractConnector:278 - Started ServerConnector@78493d6e{HTTP/1.1,[http/1.1]}{0.0.0.0:8080}
2021-02-21 15:03:52 INFO  Utils:54 - Successfully started service 'MasterUI' on port 8080.
2021-02-21 15:03:52 INFO  ContextHandler:781 - Started o.s.j.s.ServletContextHandler@2ec09b93{/app,null,AVAILABLE,@Spark}
2021-02-21 15:03:52 INFO  ContextHandler:781 - Started o.s.j.s.ServletContextHandler@3fb5a061{/app/json,null,AVAILABLE,@Spark}
2021-02-21 15:03:52 INFO  ContextHandler:781 - Started o.s.j.s.ServletContextHandler@2a08e54c{/,null,AVAILABLE,@Spark}
2021-02-21 15:03:52 INFO  ContextHandler:781 - Started o.s.j.s.ServletContextHandler@24b841f4{/json,null,AVAILABLE,@Spark}
2021-02-21 15:03:52 INFO  ContextHandler:781 - Started o.s.j.s.ServletContextHandler@361c5baa{/static,null,AVAILABLE,@Spark}
2021-02-21 15:03:52 INFO  ContextHandler:781 - Started o.s.j.s.ServletContextHandler@14472695{/app/kill,null,AVAILABLE,@Spark}
2021-02-21 15:03:52 INFO  ContextHandler:781 - Started o.s.j.s.ServletContextHandler@36972ee{/driver/kill,null,AVAILABLE,@Spark}
2021-02-21 15:03:52 INFO  MasterWebUI:54 - Bound MasterWebUI to 0.0.0.0, and started at http://3b0d606a414d:8080
2021-02-21 15:03:52 INFO  Server:351 - jetty-9.3.z-SNAPSHOT, build timestamp: unknown, git hash: unknown
2021-02-21 15:03:52 INFO  ContextHandler:781 - Started o.s.j.s.ServletContextHandler@35ae37b2{/,null,AVAILABLE}
2021-02-21 15:03:52 INFO  AbstractConnector:278 - Started ServerConnector@177bcdf4{HTTP/1.1,[http/1.1]}{3b0d606a414d:6066}
2021-02-21 15:03:52 INFO  Server:419 - Started @4197ms
2021-02-21 15:03:52 INFO  Utils:54 - Successfully started service on port 6066.
2021-02-21 15:03:52 INFO  StandaloneRestServer:54 - Started REST server for submitting applications on port 6066
2021-02-21 15:03:52 INFO  ContextHandler:781 - Started o.s.j.s.ServletContextHandler@2b0a9a54{/metrics/master/json,null,AVAILABLE,@Spark}
2021-02-21 15:03:52 INFO  ContextHandler:781 - Started o.s.j.s.ServletContextHandler@190d5b89{/metrics/applications/json,null,AVAILABLE,@Spark}
2021-02-21 15:03:52 INFO  Master:54 - I have been elected leader! New state: ALIVE
2021-02-21 15:06:38 INFO  Master:54 - Registering worker 172.18.0.2:46009 with 2 cores, 6.3 GB RAM
