-------------------------------------------
Batch: 0
-------------------------------------------
+--------+-----+
|customer|score|
+--------+-----+
+--------+-----+

-------------------------------------------
Batch: 1
-------------------------------------------
+--------------------+-----+
|            customer|score|
+--------------------+-----+
|Ashley.Olson@test...|-16.0|
+--------------------+-----+

-------------------------------------------
Batch: 2
-------------------------------------------
+--------------------+-----+
|            customer|score|
+--------------------+-----+
|David.Doshi@test.com| -4.0|
+--------------------+-----+

-------------------------------------------
Batch: 3
-------------------------------------------
+--------------------+-----+
|            customer|score|
+--------------------+-----+
|Senthil.Fibonnaci...|-17.0|
+--------------------+-----+

-------------------------------------------
Batch: 4
-------------------------------------------
+--------------------+-----+
|            customer|score|
+--------------------+-----+
|Edward.Clark@test...| -2.0|
+--------------------+-----+

-------------------------------------------
Batch: 5
-------------------------------------------
+-------------------+-----+
|           customer|score|
+-------------------+-----+
|John.Davis@test.com| -3.5|
+-------------------+-----+

-------------------------------------------
Batch: 6
-------------------------------------------
+--------------------+-----+
|            customer|score|
+--------------------+-----+
|Spencer.Jones@tes...| -1.0|
+--------------------+-----+

-------------------------------------------
Batch: 7
-------------------------------------------
+--------------------+-----+
|            customer|score|
+--------------------+-----+
|Angie.Ahmed@test.com| -4.0|
+--------------------+-----+

-------------------------------------------
Batch: 8
-------------------------------------------
+--------------------+-----+
|            customer|score|
+--------------------+-----+
|Edward.Spencer@te...| -3.0|
+--------------------+-----+

-------------------------------------------
Batch: 9
-------------------------------------------
+--------------------+-----+
|            customer|score|
+--------------------+-----+
|Senthil.Khatib@te...| -1.5|
+--------------------+-----+

-------------------------------------------
Batch: 10
-------------------------------------------
+--------------------+-----+
|            customer|score|
+--------------------+-----+
|Sarah.Fibonnaci@t...| -1.0|
+--------------------+-----+

-------------------------------------------
Batch: 11
-------------------------------------------
+-------------------+-----+
|           customer|score|
+-------------------+-----+
|Sean.Ahmed@test.com| -2.0|
+-------------------+-----+

-------------------------------------------
Batch: 12
-------------------------------------------
+--------------------+-----+
|            customer|score|
+--------------------+-----+
|Craig.Fibonnaci@t...| -1.0|
+--------------------+-----+

-------------------------------------------
Batch: 13
-------------------------------------------
+--------------------+-----+
|            customer|score|
+--------------------+-----+
|Suresh.Anderson@t...| -4.0|
+--------------------+-----+

-------------------------------------------
Batch: 14
-------------------------------------------
+--------------------+-----+
|            customer|score|
+--------------------+-----+
|Craig.Spencer@tes...| -3.0|
+--------------------+-----+

-------------------------------------------
Batch: 15
-------------------------------------------
+--------------------+-----+
|            customer|score|
+--------------------+-----+
|John.Spencer@test...|  8.5|
+--------------------+-----+

-------------------------------------------
Batch: 16
-------------------------------------------
+--------------------+-----+
|            customer|score|
+--------------------+-----+
|Neeraj.Ahmed@test...| -2.5|
+--------------------+-----+

-------------------------------------------
Batch: 17
-------------------------------------------
+--------------------+-----+
|            customer|score|
+--------------------+-----+
|Christina.Aristot...| 19.0|
+--------------------+-----+

-------------------------------------------
Batch: 18
-------------------------------------------
+--------------------+-----+
|            customer|score|
+--------------------+-----+
|Danny.Mitra@test.com| 34.5|
+--------------------+-----+

-------------------------------------------
Batch: 19
-------------------------------------------
+--------------------+-----+
|            customer|score|
+--------------------+-----+
|Sean.Lincoln@test...|  2.0|
+--------------------+-----+

-------------------------------------------
Batch: 20
-------------------------------------------
+--------------------+-----+
|            customer|score|
+--------------------+-----+
|Ben.Clayton@test.com|-31.0|
+--------------------+-----+

-------------------------------------------
Batch: 21
-------------------------------------------
+--------------------+-----+
|            customer|score|
+--------------------+-----+
|Chris.Fibonnaci@t...| -9.0|
+--------------------+-----+

-------------------------------------------
Batch: 22
-------------------------------------------
+--------------------+-----+
|            customer|score|
+--------------------+-----+
|Frank.Howard@test...|-20.5|
+--------------------+-----+

-------------------------------------------
Batch: 23
-------------------------------------------
+--------------------+-----+
|            customer|score|
+--------------------+-----+
|Gail.Anandh@test.com|-19.5|
+--------------------+-----+

-------------------------------------------
Batch: 24
-------------------------------------------
+--------------------+-----+
|            customer|score|
+--------------------+-----+
|Santosh.Mitra@tes...| 31.5|
+--------------------+-----+

-------------------------------------------
Batch: 25
-------------------------------------------
+--------------------+-----+
|            customer|score|
+--------------------+-----+
|Jerry.Khatib@test...| 27.0|
+--------------------+-----+

-------------------------------------------
Batch: 26
-------------------------------------------
+--------------------+-----+
|            customer|score|
+--------------------+-----+
|David.Staples@tes...|-31.0|
+--------------------+-----+

-------------------------------------------
Batch: 27
-------------------------------------------
+--------------------+-----+
|            customer|score|
+--------------------+-----+
|Ashley.Olson@test...|-16.0|
+--------------------+-----+

-------------------------------------------
Batch: 28
-------------------------------------------
+--------------------+-----+
|            customer|score|
+--------------------+-----+
|David.Doshi@test.com|-18.0|
+--------------------+-----+

-------------------------------------------
Batch: 29
-------------------------------------------
+--------------------+-----+
|            customer|score|
+--------------------+-----+
|Senthil.Fibonnaci...| 17.0|
+--------------------+-----+

-------------------------------------------
Batch: 30
-------------------------------------------
+--------------------+-----+
|            customer|score|
+--------------------+-----+
|Edward.Clark@test...| -3.0|
+--------------------+-----+

-------------------------------------------
Batch: 31
-------------------------------------------
+-------------------+-----+
|           customer|score|
+-------------------+-----+
|John.Davis@test.com| -3.5|
+-------------------+-----+

-------------------------------------------
Batch: 32
-------------------------------------------
+--------------------+-----+
|            customer|score|
+--------------------+-----+
|Spencer.Jones@tes...| -1.0|
+--------------------+-----+

-------------------------------------------
Batch: 33
-------------------------------------------
+--------------------+-----+
|            customer|score|
+--------------------+-----+
|Angie.Ahmed@test.com| -2.0|
+--------------------+-----+

-------------------------------------------
Batch: 34
-------------------------------------------
+--------------------+-----+
|            customer|score|
+--------------------+-----+
|Edward.Spencer@te...| -2.5|
+--------------------+-----+

-------------------------------------------
Batch: 35
-------------------------------------------
+--------------------+-----+
|            customer|score|
+--------------------+-----+
|Senthil.Khatib@te...| -1.0|
+--------------------+-----+

-------------------------------------------
Batch: 36
-------------------------------------------
+--------------------+-----+
|            customer|score|
+--------------------+-----+
|Sarah.Fibonnaci@t...| -1.0|
+--------------------+-----+

-------------------------------------------
Batch: 37
-------------------------------------------
+-------------------+-----+
|           customer|score|
+-------------------+-----+
|Sean.Ahmed@test.com| -3.0|
+-------------------+-----+

-------------------------------------------
Batch: 38
-------------------------------------------
+--------------------+-----+
|            customer|score|
+--------------------+-----+
|Craig.Fibonnaci@t...| -2.5|
+--------------------+-----+

-------------------------------------------
Batch: 39
-------------------------------------------
+--------------------+-----+
|            customer|score|
+--------------------+-----+
|Suresh.Anderson@t...| -4.5|
+--------------------+-----+

-------------------------------------------
Batch: 40
-------------------------------------------
+--------------------+-----+
|            customer|score|
+--------------------+-----+
|Craig.Spencer@tes...| -4.0|
+--------------------+-----+

-------------------------------------------
Batch: 41
-------------------------------------------
+--------------------+-----+
|            customer|score|
+--------------------+-----+
|John.Spencer@test...| -6.0|
+--------------------+-----+

-------------------------------------------
Batch: 42
-------------------------------------------
+--------------------+-----+
|            customer|score|
+--------------------+-----+
|Neeraj.Ahmed@test...|  1.5|
+--------------------+-----+

-------------------------------------------
Batch: 43
-------------------------------------------
+--------------------+-----+
|            customer|score|
+--------------------+-----+
|Christina.Aristot...|  2.0|
+--------------------+-----+

-------------------------------------------
Batch: 44
-------------------------------------------
+--------------------+-----+
|            customer|score|
+--------------------+-----+
|Danny.Mitra@test.com| -1.0|
+--------------------+-----+

-------------------------------------------
Batch: 45
-------------------------------------------
+--------------------+-----+
|            customer|score|
+--------------------+-----+
|Sean.Lincoln@test...| 16.5|
+--------------------+-----+

-------------------------------------------
Batch: 46
-------------------------------------------
+--------------------+-----+
|            customer|score|
+--------------------+-----+
|Ben.Clayton@test.com| -8.0|
+--------------------+-----+

-------------------------------------------
Batch: 47
-------------------------------------------
+--------------------+-----+
|            customer|score|
+--------------------+-----+
|Chris.Fibonnaci@t...|  5.0|
+--------------------+-----+

-------------------------------------------
Batch: 48
-------------------------------------------
+--------------------+-----+
|            customer|score|
+--------------------+-----+
|Frank.Howard@test...| 20.0|
+--------------------+-----+

-------------------------------------------
Batch: 49
-------------------------------------------
+--------------------+-----+
|            customer|score|
+--------------------+-----+
|Gail.Anandh@test.com|-18.0|
+--------------------+-----+

-------------------------------------------
Batch: 50
-------------------------------------------
+--------------------+-----+
|            customer|score|
+--------------------+-----+
|Santosh.Mitra@tes...|  8.0|
+--------------------+-----+

-------------------------------------------
Batch: 51
-------------------------------------------
+--------------------+-----+
|            customer|score|
+--------------------+-----+
|Jerry.Khatib@test...|  3.5|
+--------------------+-----+

-------------------------------------------
Batch: 52
-------------------------------------------
+--------------------+-----+
|            customer|score|
+--------------------+-----+
|David.Staples@tes...|-14.5|
+--------------------+-----+

-------------------------------------------
Batch: 53
-------------------------------------------
+--------------------+-----+
|            customer|score|
+--------------------+-----+
|Ashley.Olson@test...|-21.5|
+--------------------+-----+

-------------------------------------------
Batch: 54
-------------------------------------------
+--------------------+-----+
|            customer|score|
+--------------------+-----+
|David.Doshi@test.com|-39.5|
+--------------------+-----+

-------------------------------------------
Batch: 55
-------------------------------------------
+--------------------+-----+
|            customer|score|
+--------------------+-----+
|Senthil.Fibonnaci...| 14.5|
+--------------------+-----+

-------------------------------------------
Batch: 56
-------------------------------------------
+--------------------+-----+
|            customer|score|
+--------------------+-----+
|Edward.Clark@test...| -4.5|
+--------------------+-----+

-------------------------------------------
Batch: 57
-------------------------------------------
+-------------------+-----+
|           customer|score|
+-------------------+-----+
|John.Davis@test.com| -1.5|
+-------------------+-----+

-------------------------------------------
Batch: 58
-------------------------------------------
+--------------------+-----+
|            customer|score|
+--------------------+-----+
|Spencer.Jones@tes...| -1.5|
+--------------------+-----+

-------------------------------------------
Batch: 59
-------------------------------------------
+--------------------+-----+
|            customer|score|
+--------------------+-----+
|Angie.Ahmed@test.com| -1.0|
+--------------------+-----+

-------------------------------------------
Batch: 60
-------------------------------------------
+--------------------+-----+
|            customer|score|
+--------------------+-----+
|Edward.Spencer@te...| -2.5|
+--------------------+-----+

-------------------------------------------
Batch: 61
-------------------------------------------
+--------------------+-----+
|            customer|score|
+--------------------+-----+
|Senthil.Khatib@te...| -3.0|
+--------------------+-----+

-------------------------------------------
Batch: 62
-------------------------------------------
+--------------------+-----+
|            customer|score|
+--------------------+-----+
|Sarah.Fibonnaci@t...| -3.0|
+--------------------+-----+

-------------------------------------------
Batch: 63
-------------------------------------------
+-------------------+-----+
|           customer|score|
+-------------------+-----+
|Sean.Ahmed@test.com| -1.5|
+-------------------+-----+

-------------------------------------------
Batch: 64
-------------------------------------------
+--------------------+-----+
|            customer|score|
+--------------------+-----+
|Craig.Fibonnaci@t...| -3.5|
+--------------------+-----+

-------------------------------------------
Batch: 65
-------------------------------------------
+--------------------+-----+
|            customer|score|
+--------------------+-----+
|Suresh.Anderson@t...| -5.0|
+--------------------+-----+

-------------------------------------------
Batch: 66
-------------------------------------------
+--------------------+-----+
|            customer|score|
+--------------------+-----+
|Craig.Spencer@tes...| -3.0|
+--------------------+-----+

-------------------------------------------
Batch: 67
-------------------------------------------
+--------------------+-----+
|            customer|score|
+--------------------+-----+
|John.Spencer@test...|-18.0|
+--------------------+-----+

-------------------------------------------
Batch: 68
-------------------------------------------
+--------------------+-----+
|            customer|score|
+--------------------+-----+
|Neeraj.Ahmed@test...| 16.0|
+--------------------+-----+

-------------------------------------------
Batch: 69
-------------------------------------------
+--------------------+-----+
|            customer|score|
+--------------------+-----+
|Christina.Aristot...|-14.5|
+--------------------+-----+

-------------------------------------------
Batch: 70
-------------------------------------------
+--------------------+-----+
|            customer|score|
+--------------------+-----+
|Danny.Mitra@test.com| -5.0|
+--------------------+-----+

-------------------------------------------
Batch: 71
-------------------------------------------
+--------------------+-----+
|            customer|score|
+--------------------+-----+
|Sean.Lincoln@test...| -5.0|
+--------------------+-----+

-------------------------------------------
Batch: 72
-------------------------------------------
+--------------------+-----+
|            customer|score|
+--------------------+-----+
|Ben.Clayton@test.com| 27.0|
+--------------------+-----+

-------------------------------------------
Batch: 73
-------------------------------------------
+--------------------+-----+
|            customer|score|
+--------------------+-----+
|Chris.Fibonnaci@t...|  5.5|
+--------------------+-----+

-------------------------------------------
Batch: 74
-------------------------------------------
+--------------------+-----+
|            customer|score|
+--------------------+-----+
|Frank.Howard@test...| 43.0|
+--------------------+-----+

-------------------------------------------
Batch: 75
-------------------------------------------
+--------------------+-----+
|            customer|score|
+--------------------+-----+
|Gail.Anandh@test.com| -1.5|
+--------------------+-----+

-------------------------------------------
Batch: 76
-------------------------------------------
+--------------------+-----+
|            customer|score|
+--------------------+-----+
|Santosh.Mitra@tes...|-19.5|
+--------------------+-----+

-------------------------------------------
Batch: 77
-------------------------------------------
+--------------------+-----+
|            customer|score|
+--------------------+-----+
|Jerry.Khatib@test...| -8.5|
+--------------------+-----+

-------------------------------------------
Batch: 78
-------------------------------------------
+--------------------+-----+
|            customer|score|
+--------------------+-----+
|David.Staples@tes...| 23.5|
+--------------------+-----+

-------------------------------------------
Batch: 79
-------------------------------------------
+--------------------+-----+
|            customer|score|
+--------------------+-----+
|Ashley.Olson@test...|  4.0|
+--------------------+-----+

-------------------------------------------
Batch: 80
-------------------------------------------
+--------------------+-----+
|            customer|score|
+--------------------+-----+
|David.Doshi@test.com|-14.0|
+--------------------+-----+

-------------------------------------------
Batch: 81
-------------------------------------------
+--------------------+-----+
|            customer|score|
+--------------------+-----+
|Senthil.Fibonnaci...|  2.0|
+--------------------+-----+

-------------------------------------------
Batch: 82
-------------------------------------------
+--------------------+-----+
|            customer|score|
+--------------------+-----+
|Edward.Clark@test...| -5.0|
+--------------------+-----+

-------------------------------------------
Batch: 83
-------------------------------------------
+-------------------+-----+
|           customer|score|
+-------------------+-----+
|John.Davis@test.com| -1.5|
+-------------------+-----+

-------------------------------------------
Batch: 84
-------------------------------------------
+--------------------+-----+
|            customer|score|
+--------------------+-----+
|Spencer.Jones@tes...| -2.5|
+--------------------+-----+

-------------------------------------------
Batch: 85
-------------------------------------------
+--------------------+-----+
|            customer|score|
+--------------------+-----+
|Angie.Ahmed@test.com| -2.0|
+--------------------+-----+

-------------------------------------------
Batch: 86
-------------------------------------------
+--------------------+-----+
|            customer|score|
+--------------------+-----+
|Edward.Spencer@te...| -3.5|
+--------------------+-----+

-------------------------------------------
Batch: 87
-------------------------------------------
+--------------------+-----+
|            customer|score|
+--------------------+-----+
|Senthil.Khatib@te...| -3.0|
+--------------------+-----+

-------------------------------------------
Batch: 88
-------------------------------------------
+--------------------+-----+
|            customer|score|
+--------------------+-----+
|Sarah.Fibonnaci@t...| -3.0|
+--------------------+-----+

-------------------------------------------
Batch: 89
-------------------------------------------
+-------------------+-----+
|           customer|score|
+-------------------+-----+
|Sean.Ahmed@test.com| -1.0|
+-------------------+-----+

-------------------------------------------
Batch: 90
-------------------------------------------
+--------------------+-----+
|            customer|score|
+--------------------+-----+
|Craig.Fibonnaci@t...| -1.5|
+--------------------+-----+

-------------------------------------------
Batch: 91
-------------------------------------------
+--------------------+-----+
|            customer|score|
+--------------------+-----+
|Suresh.Anderson@t...| -5.0|
+--------------------+-----+

-------------------------------------------
Batch: 92
-------------------------------------------
+--------------------+-----+
|            customer|score|
+--------------------+-----+
|Craig.Spencer@tes...| -1.0|
+--------------------+-----+

-------------------------------------------
Batch: 93
-------------------------------------------
+--------------------+-----+
|            customer|score|
+--------------------+-----+
|John.Spencer@test...| 19.0|
+--------------------+-----+

-------------------------------------------
Batch: 94
-------------------------------------------
+--------------------+-----+
|            customer|score|
+--------------------+-----+
|Neeraj.Ahmed@test...| -3.0|
+--------------------+-----+

-------------------------------------------
Batch: 95
-------------------------------------------
+--------------------+-----+
|            customer|score|
+--------------------+-----+
|Christina.Aristot...|-12.0|
+--------------------+-----+

-------------------------------------------
Batch: 96
-------------------------------------------
+--------------------+-----+
|            customer|score|
+--------------------+-----+
|Danny.Mitra@test.com|  2.5|
+--------------------+-----+

-------------------------------------------
Batch: 97
-------------------------------------------
+--------------------+-----+
|            customer|score|
+--------------------+-----+
|Sean.Lincoln@test...| -9.5|
+--------------------+-----+

-------------------------------------------
Batch: 98
-------------------------------------------
+--------------------+-----+
|            customer|score|
+--------------------+-----+
|Ben.Clayton@test.com| 28.5|
+--------------------+-----+

-------------------------------------------
Batch: 99
-------------------------------------------
+--------------------+-----+
|            customer|score|
+--------------------+-----+
|Chris.Fibonnaci@t...| 21.5|
+--------------------+-----+

-------------------------------------------
Batch: 100
-------------------------------------------
+--------------------+-----+
|            customer|score|
+--------------------+-----+
|Frank.Howard@test...| 29.0|
+--------------------+-----+

-------------------------------------------
Batch: 101
-------------------------------------------
+--------------------+-----+
|            customer|score|
+--------------------+-----+
|Gail.Anandh@test.com| 13.0|
+--------------------+-----+

-------------------------------------------
Batch: 102
-------------------------------------------
+--------------------+-----+
|            customer|score|
+--------------------+-----+
|Santosh.Mitra@tes...|-29.0|
+--------------------+-----+

-------------------------------------------
Batch: 103
-------------------------------------------
+--------------------+-----+
|            customer|score|
+--------------------+-----+
|Jerry.Khatib@test...|-15.0|
+--------------------+-----+

-------------------------------------------
Batch: 104
-------------------------------------------
+--------------------+-----+
|            customer|score|
+--------------------+-----+
|David.Staples@tes...| 32.0|
+--------------------+-----+

-------------------------------------------
Batch: 105
-------------------------------------------
+--------------------+-----+
|            customer|score|
+--------------------+-----+
|Ashley.Olson@test...| 29.5|
+--------------------+-----+

-------------------------------------------
Batch: 106
-------------------------------------------
+--------------------+-----+
|            customer|score|
+--------------------+-----+
|David.Doshi@test.com| 31.5|
+--------------------+-----+

-------------------------------------------
Batch: 107
-------------------------------------------
+--------------------+-----+
|            customer|score|
+--------------------+-----+
|Senthil.Fibonnaci...|  5.5|
+--------------------+-----+

-------------------------------------------
Batch: 108
-------------------------------------------
+--------------------+-----+
|            customer|score|
+--------------------+-----+
|Edward.Clark@test...| -4.0|
+--------------------+-----+

-------------------------------------------
Batch: 109
-------------------------------------------
+-------------------+-----+
|           customer|score|
+-------------------+-----+
|John.Davis@test.com| -4.0|
+-------------------+-----+

-------------------------------------------
Batch: 110
-------------------------------------------
+--------------------+-----+
|            customer|score|
+--------------------+-----+
|Spencer.Jones@tes...| -2.5|
+--------------------+-----+

-------------------------------------------
Batch: 111
-------------------------------------------
+--------------------+-----+
|            customer|score|
+--------------------+-----+
|Angie.Ahmed@test.com| -3.0|
+--------------------+-----+

-------------------------------------------
Batch: 112
-------------------------------------------
+--------------------+-----+
|            customer|score|
+--------------------+-----+
|Edward.Spencer@te...| -4.0|
+--------------------+-----+

-------------------------------------------
Batch: 113
-------------------------------------------
+--------------------+-----+
|            customer|score|
+--------------------+-----+
|Senthil.Khatib@te...| -2.0|
+--------------------+-----+

-------------------------------------------
Batch: 114
-------------------------------------------
+--------------------+-----+
|            customer|score|
+--------------------+-----+
|Sarah.Fibonnaci@t...| -1.0|
+--------------------+-----+

-------------------------------------------
Batch: 115
-------------------------------------------
+-------------------+-----+
|           customer|score|
+-------------------+-----+
|Sean.Ahmed@test.com| -3.0|
+-------------------+-----+

-------------------------------------------
Batch: 116
-------------------------------------------
+--------------------+-----+
|            customer|score|
+--------------------+-----+
|Craig.Fibonnaci@t...| -1.0|
+--------------------+-----+

-------------------------------------------
Batch: 117
-------------------------------------------
+--------------------+-----+
|            customer|score|
+--------------------+-----+
|Suresh.Anderson@t...| -5.5|
+--------------------+-----+

-------------------------------------------
Batch: 118
-------------------------------------------
+--------------------+-----+
|            customer|score|
+--------------------+-----+
|Craig.Spencer@tes...|  0.0|
+--------------------+-----+

-------------------------------------------
Batch: 119
-------------------------------------------
+--------------------+-----+
|            customer|score|
+--------------------+-----+
|John.Spencer@test...| 40.0|
+--------------------+-----+

-------------------------------------------
Batch: 120
-------------------------------------------
+--------------------+-----+
|            customer|score|
+--------------------+-----+
|Neeraj.Ahmed@test...| -3.0|
+--------------------+-----+

-------------------------------------------
Batch: 121
-------------------------------------------
+--------------------+-----+
|            customer|score|
+--------------------+-----+
|Christina.Aristot...|  1.5|
+--------------------+-----+

-------------------------------------------
Batch: 122
-------------------------------------------
+--------------------+-----+
|            customer|score|
+--------------------+-----+
|Danny.Mitra@test.com| -1.0|
+--------------------+-----+

-------------------------------------------
Batch: 123
-------------------------------------------
+--------------------+-----+
|            customer|score|
+--------------------+-----+
|Sean.Lincoln@test...| -8.5|
+--------------------+-----+

-------------------------------------------
Batch: 124
-------------------------------------------
+--------------------+-----+
|            customer|score|
+--------------------+-----+
|Ben.Clayton@test.com|  9.0|
+--------------------+-----+

-------------------------------------------
Batch: 125
-------------------------------------------
+--------------------+-----+
|            customer|score|
+--------------------+-----+
|Chris.Fibonnaci@t...| 12.0|
+--------------------+-----+

-------------------------------------------
Batch: 126
-------------------------------------------
+--------------------+-----+
|            customer|score|
+--------------------+-----+
|Frank.Howard@test...|  7.5|
+--------------------+-----+

-------------------------------------------
Batch: 127
-------------------------------------------
+--------------------+-----+
|            customer|score|
+--------------------+-----+
|Gail.Anandh@test.com| 17.0|
+--------------------+-----+

-------------------------------------------
Batch: 128
-------------------------------------------
+--------------------+-----+
|            customer|score|
+--------------------+-----+
|Santosh.Mitra@tes...|-21.0|
+--------------------+-----+

-------------------------------------------
Batch: 129
-------------------------------------------
+--------------------+-----+
|            customer|score|
+--------------------+-----+
|Jerry.Khatib@test...| -3.5|
+--------------------+-----+

-------------------------------------------
Batch: 130
-------------------------------------------
+--------------------+-----+
|            customer|score|
+--------------------+-----+
|David.Staples@tes...|  1.0|
+--------------------+-----+

-------------------------------------------
Batch: 131
-------------------------------------------
+--------------------+-----+
|            customer|score|
+--------------------+-----+
|Ashley.Olson@test...| 28.0|
+--------------------+-----+

-------------------------------------------
Batch: 132
-------------------------------------------
+--------------------+-----+
|            customer|score|
+--------------------+-----+
|David.Doshi@test.com| 24.0|
+--------------------+-----+

-------------------------------------------
Batch: 133
-------------------------------------------
+--------------------+-----+
|            customer|score|
+--------------------+-----+
|Senthil.Fibonnaci...|  4.0|
+--------------------+-----+

-------------------------------------------
Batch: 134
-------------------------------------------
+--------------------+-----+
|            customer|score|
+--------------------+-----+
|Edward.Clark@test...| -3.0|
+--------------------+-----+

-------------------------------------------
Batch: 135
-------------------------------------------
+-------------------+-----+
|           customer|score|
+-------------------+-----+
|John.Davis@test.com| -3.5|
+-------------------+-----+

-------------------------------------------
Batch: 136
-------------------------------------------
+--------------------+-----+
|            customer|score|
+--------------------+-----+
|Spencer.Jones@tes...| -1.0|
+--------------------+-----+

-------------------------------------------
Batch: 137
-------------------------------------------
+--------------------+-----+
|            customer|score|
+--------------------+-----+
|Angie.Ahmed@test.com| -3.0|
+--------------------+-----+

-------------------------------------------
Batch: 138
-------------------------------------------
+--------------------+-----+
|            customer|score|
+--------------------+-----+
|Edward.Spencer@te...| -4.0|
+--------------------+-----+

-------------------------------------------
Batch: 139
-------------------------------------------
+--------------------+-----+
|            customer|score|
+--------------------+-----+
|Senthil.Khatib@te...| -2.5|
+--------------------+-----+

-------------------------------------------
Batch: 140
-------------------------------------------
+--------------------+-----+
|            customer|score|
+--------------------+-----+
|Sarah.Fibonnaci@t...| -1.0|
+--------------------+-----+

-------------------------------------------
Batch: 141
-------------------------------------------
+-------------------+-----+
|           customer|score|
+-------------------+-----+
|Sean.Ahmed@test.com| -3.0|
+-------------------+-----+

-------------------------------------------
Batch: 142
-------------------------------------------
+--------------------+-----+
|            customer|score|
+--------------------+-----+
|Craig.Fibonnaci@t...| -3.5|
+--------------------+-----+

-------------------------------------------
Batch: 143
-------------------------------------------
+--------------------+-----+
|            customer|score|
+--------------------+-----+
|Suresh.Anderson@t...| -5.5|
+--------------------+-----+

-------------------------------------------
Batch: 144
-------------------------------------------
+--------------------+-----+
|            customer|score|
+--------------------+-----+
|Craig.Spencer@tes...| -1.5|
+--------------------+-----+

-------------------------------------------
Batch: 145
-------------------------------------------
+--------------------+-----+
|            customer|score|
+--------------------+-----+
|John.Spencer@test...|  9.0|
+--------------------+-----+

-------------------------------------------
Batch: 146
-------------------------------------------
+--------------------+-----+
|            customer|score|
+--------------------+-----+
|Neeraj.Ahmed@test...|  3.5|
+--------------------+-----+

-------------------------------------------
Batch: 147
-------------------------------------------
+--------------------+-----+
|            customer|score|
+--------------------+-----+
|Christina.Aristot...| -8.0|
+--------------------+-----+

-------------------------------------------
Batch: 148
-------------------------------------------
+--------------------+-----+
|            customer|score|
+--------------------+-----+
|Danny.Mitra@test.com| -5.5|
+--------------------+-----+

-------------------------------------------
Batch: 149
-------------------------------------------
+--------------------+-----+
|            customer|score|
+--------------------+-----+
|Sean.Lincoln@test...|-18.5|
+--------------------+-----+

-------------------------------------------
Batch: 150
-------------------------------------------
+--------------------+-----+
|            customer|score|
+--------------------+-----+
|Ben.Clayton@test.com| -9.5|
+--------------------+-----+

-------------------------------------------
Batch: 151
-------------------------------------------
+--------------------+-----+
|            customer|score|
+--------------------+-----+
|Chris.Fibonnaci@t...|-20.0|
+--------------------+-----+

-------------------------------------------
Batch: 152
-------------------------------------------
+--------------------+-----+
|            customer|score|
+--------------------+-----+
|Frank.Howard@test...|-19.0|
+--------------------+-----+

-------------------------------------------
Batch: 153
-------------------------------------------
+--------------------+-----+
|            customer|score|
+--------------------+-----+
|Gail.Anandh@test.com| 27.0|
+--------------------+-----+

-------------------------------------------
Batch: 154
-------------------------------------------
+--------------------+-----+
|            customer|score|
+--------------------+-----+
|Santosh.Mitra@tes...| 10.0|
+--------------------+-----+

-------------------------------------------
Batch: 155
-------------------------------------------
+--------------------+-----+
|            customer|score|
+--------------------+-----+
|Jerry.Khatib@test...|  8.5|
+--------------------+-----+

-------------------------------------------
Batch: 156
-------------------------------------------
+--------------------+-----+
|            customer|score|
+--------------------+-----+
|David.Staples@tes...|-10.5|
+--------------------+-----+

-------------------------------------------
Batch: 157
-------------------------------------------
+--------------------+-----+
|            customer|score|
+--------------------+-----+
|Ashley.Olson@test...| 23.0|
+--------------------+-----+

-------------------------------------------
Batch: 158
-------------------------------------------
+--------------------+-----+
|            customer|score|
+--------------------+-----+
|David.Doshi@test.com| -8.0|
+--------------------+-----+

-------------------------------------------
Batch: 159
-------------------------------------------
+--------------------+-----+
|            customer|score|
+--------------------+-----+
|Senthil.Fibonnaci...|-20.5|
+--------------------+-----+

-------------------------------------------
Batch: 160
-------------------------------------------
+--------------------+-----+
|            customer|score|
+--------------------+-----+
|Edward.Clark@test...| -3.0|
+--------------------+-----+

-------------------------------------------
Batch: 161
-------------------------------------------
+-------------------+-----+
|           customer|score|
+-------------------+-----+
|John.Davis@test.com| -1.0|
+-------------------+-----+

-------------------------------------------
Batch: 162
-------------------------------------------
+--------------------+-----+
|            customer|score|
+--------------------+-----+
|Spencer.Jones@tes...| -1.5|
+--------------------+-----+

-------------------------------------------
Batch: 163
-------------------------------------------
+--------------------+-----+
|            customer|score|
+--------------------+-----+
|Angie.Ahmed@test.com| -4.0|
+--------------------+-----+

-------------------------------------------
Batch: 164
-------------------------------------------
+--------------------+-----+
|            customer|score|
+--------------------+-----+
|Edward.Spencer@te...| -4.0|
+--------------------+-----+

-------------------------------------------
Batch: 165
-------------------------------------------
+--------------------+-----+
|            customer|score|
+--------------------+-----+
|Senthil.Khatib@te...| -2.5|
+--------------------+-----+

-------------------------------------------
Batch: 166
-------------------------------------------
+--------------------+-----+
|            customer|score|
+--------------------+-----+
|Sarah.Fibonnaci@t...| -3.0|
+--------------------+-----+

-------------------------------------------
Batch: 167
-------------------------------------------
+-------------------+-----+
|           customer|score|
+-------------------+-----+
|Sean.Ahmed@test.com| -2.0|
+-------------------+-----+

-------------------------------------------
Batch: 168
-------------------------------------------
+--------------------+-----+
|            customer|score|
+--------------------+-----+
|Craig.Fibonnaci@t...| -5.5|
+--------------------+-----+

-------------------------------------------
Batch: 169
-------------------------------------------
+--------------------+-----+
|            customer|score|
+--------------------+-----+
|Suresh.Anderson@t...| -5.0|
+--------------------+-----+

-------------------------------------------
Batch: 170
-------------------------------------------
+--------------------+-----+
|            customer|score|
+--------------------+-----+
|Craig.Spencer@tes...| -3.5|
+--------------------+-----+

-------------------------------------------
Batch: 171
-------------------------------------------
+--------------------+-----+
|            customer|score|
+--------------------+-----+
|John.Spencer@test...|-34.5|
+--------------------+-----+

-------------------------------------------
Batch: 172
-------------------------------------------
+--------------------+-----+
|            customer|score|
+--------------------+-----+
|Neeraj.Ahmed@test...|-36.0|
+--------------------+-----+

-------------------------------------------
Batch: 173
-------------------------------------------
+--------------------+-----+
|            customer|score|
+--------------------+-----+
|Christina.Aristot...|  3.5|
+--------------------+-----+

-------------------------------------------
Batch: 174
-------------------------------------------
+--------------------+-----+
|            customer|score|
+--------------------+-----+
|Danny.Mitra@test.com| 38.5|
+--------------------+-----+

-------------------------------------------
Batch: 175
-------------------------------------------
+--------------------+-----+
|            customer|score|
+--------------------+-----+
|Sean.Lincoln@test...|  6.0|
+--------------------+-----+

