Spark Command: /usr/lib/jvm/java-8-openjdk-amd64/jre/bin/java -cp /opt/spark-2.3.4-bin-hadoop2.7/conf/:/opt/spark-2.3.4-bin-hadoop2.7/jars/* -Xmx1g org.apache.spark.deploy.worker.Worker --webui-port 8081 spark://3b0d606a414d:7077
========================================
2021-02-21 15:06:36 INFO  Worker:2612 - Started daemon with process name: 113@3b0d606a414d
2021-02-21 15:06:36 INFO  SignalUtils:54 - Registered signal handler for TERM
2021-02-21 15:06:36 INFO  SignalUtils:54 - Registered signal handler for HUP
2021-02-21 15:06:36 INFO  SignalUtils:54 - Registered signal handler for INT
2021-02-21 15:06:36 WARN  NativeCodeLoader:62 - Unable to load native-hadoop library for your platform... using builtin-java classes where applicable
2021-02-21 15:06:36 INFO  SecurityManager:54 - Changing view acls to: root
2021-02-21 15:06:36 INFO  SecurityManager:54 - Changing modify acls to: root
2021-02-21 15:06:36 INFO  SecurityManager:54 - Changing view acls groups to: 
2021-02-21 15:06:36 INFO  SecurityManager:54 - Changing modify acls groups to: 
2021-02-21 15:06:36 INFO  SecurityManager:54 - SecurityManager: authentication disabled; ui acls disabled; users  with view permissions: Set(root); groups with view permissions: Set(); users  with modify permissions: Set(root); groups with modify permissions: Set()
2021-02-21 15:06:37 INFO  Utils:54 - Successfully started service 'sparkWorker' on port 46009.
2021-02-21 15:06:37 INFO  Worker:54 - Starting Spark worker 172.18.0.2:46009 with 2 cores, 6.3 GB RAM
2021-02-21 15:06:37 INFO  Worker:54 - Running Spark version 2.3.4
2021-02-21 15:06:37 INFO  Worker:54 - Spark home: /opt/spark-2.3.4-bin-hadoop2.7
2021-02-21 15:06:37 INFO  log:192 - Logging initialized @2582ms
2021-02-21 15:06:37 INFO  Server:351 - jetty-9.3.z-SNAPSHOT, build timestamp: unknown, git hash: unknown
2021-02-21 15:06:37 INFO  Server:419 - Started @2665ms
2021-02-21 15:06:37 INFO  AbstractConnector:278 - Started ServerConnector@6249eb56{HTTP/1.1,[http/1.1]}{0.0.0.0:8081}
2021-02-21 15:06:37 INFO  Utils:54 - Successfully started service 'WorkerUI' on port 8081.
2021-02-21 15:06:37 INFO  ContextHandler:781 - Started o.s.j.s.ServletContextHandler@5ead0e4a{/logPage,null,AVAILABLE,@Spark}
2021-02-21 15:06:37 INFO  ContextHandler:781 - Started o.s.j.s.ServletContextHandler@7d4c5336{/logPage/json,null,AVAILABLE,@Spark}
2021-02-21 15:06:37 INFO  ContextHandler:781 - Started o.s.j.s.ServletContextHandler@1a6787f9{/,null,AVAILABLE,@Spark}
2021-02-21 15:06:37 INFO  ContextHandler:781 - Started o.s.j.s.ServletContextHandler@3c20560d{/json,null,AVAILABLE,@Spark}
2021-02-21 15:06:37 INFO  ContextHandler:781 - Started o.s.j.s.ServletContextHandler@23ea775c{/static,null,AVAILABLE,@Spark}
2021-02-21 15:06:37 INFO  ContextHandler:781 - Started o.s.j.s.ServletContextHandler@231a24ff{/log,null,AVAILABLE,@Spark}
2021-02-21 15:06:37 INFO  WorkerWebUI:54 - Bound WorkerWebUI to 0.0.0.0, and started at http://3b0d606a414d:8081
2021-02-21 15:06:37 INFO  Worker:54 - Connecting to master 3b0d606a414d:7077...
2021-02-21 15:06:37 INFO  ContextHandler:781 - Started o.s.j.s.ServletContextHandler@6a0c02ad{/metrics/json,null,AVAILABLE,@Spark}
2021-02-21 15:06:38 INFO  TransportClientFactory:267 - Successfully created connection to 3b0d606a414d/172.18.0.2:7077 after 82 ms (0 ms spent in bootstraps)
2021-02-21 15:06:38 INFO  Worker:54 - Successfully registered with master spark://3b0d606a414d:7077
